[2023-09-15 06:04:31,893] {taskinstance.py:851} INFO - Dependencies all met for <TaskInstance: covid_analytics_load.refined_load 2023-09-14T00:00:00+00:00 [queued]>
[2023-09-15 06:04:31,911] {taskinstance.py:851} INFO - Dependencies all met for <TaskInstance: covid_analytics_load.refined_load 2023-09-14T00:00:00+00:00 [queued]>
[2023-09-15 06:04:31,911] {taskinstance.py:1042} INFO - 
--------------------------------------------------------------------------------
[2023-09-15 06:04:31,911] {taskinstance.py:1043} INFO - Starting attempt 1 of 1
[2023-09-15 06:04:31,911] {taskinstance.py:1044} INFO - 
--------------------------------------------------------------------------------
[2023-09-15 06:04:31,950] {taskinstance.py:1063} INFO - Executing <Task(PythonOperator): refined_load> on 2023-09-14T00:00:00+00:00
[2023-09-15 06:04:31,954] {standard_task_runner.py:52} INFO - Started process 581 to run task
[2023-09-15 06:04:31,964] {standard_task_runner.py:76} INFO - Running: ['airflow', 'tasks', 'run', 'covid_analytics_load', 'refined_load', '2023-09-14T00:00:00+00:00', '--job-id', '5', '--pool', 'default_pool', '--raw', '--subdir', 'DAGS_FOLDER/covid_analytics_dag.py', '--cfg-path', '/tmp/tmp9_0sk4zi', '--error-file', '/tmp/tmp5k93ds5f']
[2023-09-15 06:04:31,968] {standard_task_runner.py:77} INFO - Job 5: Subtask refined_load
[2023-09-15 06:04:32,094] {logging_mixin.py:104} INFO - Running <TaskInstance: covid_analytics_load.refined_load 2023-09-14T00:00:00+00:00 [running]> on host 1e9a66893905
[2023-09-15 06:04:32,203] {taskinstance.py:1257} INFO - Exporting the following env vars:
AIRFLOW_CTX_DAG_EMAIL=solano.d.castro@gmail.com
AIRFLOW_CTX_DAG_OWNER=Airflow
AIRFLOW_CTX_DAG_ID=covid_analytics_load
AIRFLOW_CTX_TASK_ID=refined_load
AIRFLOW_CTX_EXECUTION_DATE=2023-09-14T00:00:00+00:00
AIRFLOW_CTX_DAG_RUN_ID=scheduled__2023-09-14T00:00:00+00:00
[2023-09-15 06:05:18,344] {python.py:118} INFO - Done. Returned value was: None
[2023-09-15 06:05:18,376] {taskinstance.py:1166} INFO - Marking task as SUCCESS. dag_id=covid_analytics_load, task_id=refined_load, execution_date=20230914T000000, start_date=20230915T060431, end_date=20230915T060518
[2023-09-15 06:05:18,458] {taskinstance.py:1220} INFO - 0 downstream tasks scheduled from follow-on schedule check
[2023-09-15 06:05:18,507] {local_task_job.py:146} INFO - Task exited with return code 0
