[2023-09-16 03:17:43,038] {scheduler_job.py:182} INFO - Started process (PID=6261) to work on /opt/airflow/dags/covid_analytics_dag.py
[2023-09-16 03:17:43,059] {scheduler_job.py:629} INFO - Processing file /opt/airflow/dags/covid_analytics_dag.py for tasks to queue
[2023-09-16 03:17:43,062] {logging_mixin.py:104} INFO - [2023-09-16 03:17:43,060] {dagbag.py:448} INFO - Filling up the DagBag from /opt/airflow/dags/covid_analytics_dag.py
[2023-09-16 03:17:43,160] {scheduler_job.py:639} INFO - DAG(s) dict_keys(['covid_analytics_load']) retrieved from /opt/airflow/dags/covid_analytics_dag.py
[2023-09-16 03:17:45,182] {logging_mixin.py:104} INFO - [2023-09-16 03:17:45,182] {dag.py:1818} INFO - Sync 1 DAGs
[2023-09-16 03:17:46,355] {logging_mixin.py:104} INFO - [2023-09-16 03:17:46,355] {dag.py:2273} INFO - Setting next_dagrun for covid_analytics_load to 2023-09-16 00:00:00+00:00
[2023-09-16 03:17:46,984] {scheduler_job.py:190} INFO - Processing /opt/airflow/dags/covid_analytics_dag.py took 4.171 seconds
[2023-09-16 03:18:19,512] {scheduler_job.py:182} INFO - Started process (PID=6317) to work on /opt/airflow/dags/covid_analytics_dag.py
[2023-09-16 03:18:19,544] {scheduler_job.py:629} INFO - Processing file /opt/airflow/dags/covid_analytics_dag.py for tasks to queue
[2023-09-16 03:18:19,559] {logging_mixin.py:104} INFO - [2023-09-16 03:18:19,547] {dagbag.py:448} INFO - Filling up the DagBag from /opt/airflow/dags/covid_analytics_dag.py
[2023-09-16 03:18:20,248] {scheduler_job.py:639} INFO - DAG(s) dict_keys(['covid_analytics_load']) retrieved from /opt/airflow/dags/covid_analytics_dag.py
[2023-09-16 03:18:20,965] {logging_mixin.py:104} INFO - [2023-09-16 03:18:20,965] {dag.py:1818} INFO - Sync 1 DAGs
[2023-09-16 03:18:21,231] {logging_mixin.py:104} INFO - [2023-09-16 03:18:21,230] {dag.py:2273} INFO - Setting next_dagrun for covid_analytics_load to 2023-09-16 00:00:00+00:00
[2023-09-16 03:18:21,286] {scheduler_job.py:190} INFO - Processing /opt/airflow/dags/covid_analytics_dag.py took 2.006 seconds
[2023-09-16 03:18:52,367] {scheduler_job.py:182} INFO - Started process (PID=6381) to work on /opt/airflow/dags/covid_analytics_dag.py
[2023-09-16 03:18:52,368] {scheduler_job.py:629} INFO - Processing file /opt/airflow/dags/covid_analytics_dag.py for tasks to queue
[2023-09-16 03:18:52,369] {logging_mixin.py:104} INFO - [2023-09-16 03:18:52,369] {dagbag.py:448} INFO - Filling up the DagBag from /opt/airflow/dags/covid_analytics_dag.py
[2023-09-16 03:18:53,540] {scheduler_job.py:639} INFO - DAG(s) dict_keys(['covid_analytics_load']) retrieved from /opt/airflow/dags/covid_analytics_dag.py
[2023-09-16 03:18:54,143] {logging_mixin.py:104} INFO - [2023-09-16 03:18:54,143] {dag.py:1818} INFO - Sync 1 DAGs
[2023-09-16 03:18:54,326] {logging_mixin.py:104} INFO - [2023-09-16 03:18:54,326] {dag.py:2273} INFO - Setting next_dagrun for covid_analytics_load to 2023-09-16 00:00:00+00:00
[2023-09-16 03:18:54,425] {scheduler_job.py:190} INFO - Processing /opt/airflow/dags/covid_analytics_dag.py took 2.207 seconds
[2023-09-16 03:19:25,271] {scheduler_job.py:182} INFO - Started process (PID=6421) to work on /opt/airflow/dags/covid_analytics_dag.py
[2023-09-16 03:19:25,311] {scheduler_job.py:629} INFO - Processing file /opt/airflow/dags/covid_analytics_dag.py for tasks to queue
[2023-09-16 03:19:25,379] {logging_mixin.py:104} INFO - [2023-09-16 03:19:25,373] {dagbag.py:448} INFO - Filling up the DagBag from /opt/airflow/dags/covid_analytics_dag.py
[2023-09-16 03:19:26,747] {scheduler_job.py:639} INFO - DAG(s) dict_keys(['covid_analytics_load']) retrieved from /opt/airflow/dags/covid_analytics_dag.py
[2023-09-16 03:19:27,610] {logging_mixin.py:104} INFO - [2023-09-16 03:19:27,610] {dag.py:1818} INFO - Sync 1 DAGs
[2023-09-16 03:19:27,765] {logging_mixin.py:104} INFO - [2023-09-16 03:19:27,765] {dag.py:2273} INFO - Setting next_dagrun for covid_analytics_load to 2023-09-16 00:00:00+00:00
[2023-09-16 03:19:27,873] {scheduler_job.py:190} INFO - Processing /opt/airflow/dags/covid_analytics_dag.py took 2.814 seconds
